<?xml version="1.0" encoding="UTF-8"?>
<!-- Generated by org.testng.reporters.JUnitReportReporter -->
<testsuite hostname="DESKTOP-QT4E40G" failures="0" tests="3" name="githubJenkinsPractice.Test01" time="0.018" errors="0" timestamp="2023-03-13T13:04:20 IST" skipped="0">
  <testcase classname="githubJenkinsPractice.Test01" name="firstTest" time="0.012"/>
  <system-out/>
  <testcase classname="githubJenkinsPractice.Test01" name="secondTest" time="0.004"/>
  <system-out/>
  <testcase classname="githubJenkinsPractice.Test01" name="thirdTest" time="0.002"/>
  <system-out/>
</testsuite> <!-- githubJenkinsPractice.Test01 -->
