<?xml version="1.0" encoding="UTF-8"?>
<!-- Generated by org.testng.reporters.JUnitReportReporter -->
<testsuite hostname="DESKTOP-QT4E40G" failures="0" tests="3" name="githubJenkinsPractice.test02" time="0.025" errors="0" timestamp="2023-03-13T13:04:20 IST" skipped="0">
  <testcase classname="githubJenkinsPractice.test02" name="fifthTest" time="0.003"/>
  <system-out/>
  <testcase classname="githubJenkinsPractice.test02" name="sixthTest" time="0.019"/>
  <system-out/>
  <testcase classname="githubJenkinsPractice.test02" name="fourthTest" time="0.003"/>
  <system-out/>
</testsuite> <!-- githubJenkinsPractice.test02 -->
